2019-01-25 17:36:26.216 [Dispatcher-1-Conn-1] ERROR c.g.gm.messagechannel.GxxChannelImpl@261-
com.alibaba.fastjson.JSONException: syntax error, pos 1
	at com.alibaba.fastjson.parser.DefaultJSONParser.parse(DefaultJSONParser.java:1240)
	at com.alibaba.fastjson.parser.DefaultJSONParser.parse(DefaultJSONParser.java:1153)
	at com.alibaba.fastjson.JSON.parse(JSON.java:102)
	at com.alibaba.fastjson.JSON.parse(JSON.java:93)
	at com.alibaba.fastjson.JSON.parseObject(JSON.java:164)
	at com.yyc.testqpid.BaseHandler.onMessage(BaseHandler.java:46)
	at com.gosuncn.gm.messagechannel.GxxChannelImpl.onMessage(GxxChannelImpl.java:223)
	at org.apache.qpid.client.BasicMessageConsumer.notifyMessage(BasicMessageConsumer.java:754)
	at org.apache.qpid.client.BasicMessageConsumer_0_10.notifyMessage(BasicMessageConsumer_0_10.java:143)
	at org.apache.qpid.client.BasicMessageConsumer.notifyMessage(BasicMessageConsumer.java:728)
	at org.apache.qpid.client.BasicMessageConsumer_0_10.notifyMessage(BasicMessageConsumer_0_10.java:189)
	at org.apache.qpid.client.BasicMessageConsumer_0_10.notifyMessage(BasicMessageConsumer_0_10.java:55)
	at org.apache.qpid.client.AMQSession$Dispatcher.notifyConsumer(AMQSession.java:3633)
	at org.apache.qpid.client.AMQSession$Dispatcher.dispatchMessage(AMQSession.java:3565)
	at org.apache.qpid.client.AMQSession$Dispatcher.access$1000(AMQSession.java:3326)
	at org.apache.qpid.client.AMQSession.dispatch(AMQSession.java:3319)
	at org.apache.qpid.client.message.UnprocessedMessage.dispatch(UnprocessedMessage.java:54)
	at org.apache.qpid.client.AMQSession$Dispatcher.run(AMQSession.java:3475)
	at java.lang.Thread.run(Thread.java:748)
2019-01-25 17:39:14.111 [Dispatcher-1-Conn-1] ERROR c.g.gm.messagechannel.GxxChannelImpl@261-
com.alibaba.fastjson.JSONException: syntax error, pos 1
	at com.alibaba.fastjson.parser.DefaultJSONParser.parse(DefaultJSONParser.java:1240)
	at com.alibaba.fastjson.parser.DefaultJSONParser.parse(DefaultJSONParser.java:1153)
	at com.alibaba.fastjson.JSON.parse(JSON.java:102)
	at com.alibaba.fastjson.JSON.parse(JSON.java:93)
	at com.alibaba.fastjson.JSON.parseObject(JSON.java:164)
	at com.yyc.testqpid.BaseHandler.onMessage(BaseHandler.java:46)
	at com.gosuncn.gm.messagechannel.GxxChannelImpl.onMessage(GxxChannelImpl.java:223)
	at org.apache.qpid.client.BasicMessageConsumer.notifyMessage(BasicMessageConsumer.java:754)
	at org.apache.qpid.client.BasicMessageConsumer_0_10.notifyMessage(BasicMessageConsumer_0_10.java:143)
	at org.apache.qpid.client.BasicMessageConsumer.notifyMessage(BasicMessageConsumer.java:728)
	at org.apache.qpid.client.BasicMessageConsumer_0_10.notifyMessage(BasicMessageConsumer_0_10.java:189)
	at org.apache.qpid.client.BasicMessageConsumer_0_10.notifyMessage(BasicMessageConsumer_0_10.java:55)
	at org.apache.qpid.client.AMQSession$Dispatcher.notifyConsumer(AMQSession.java:3633)
	at org.apache.qpid.client.AMQSession$Dispatcher.dispatchMessage(AMQSession.java:3565)
	at org.apache.qpid.client.AMQSession$Dispatcher.access$1000(AMQSession.java:3326)
	at org.apache.qpid.client.AMQSession.dispatch(AMQSession.java:3319)
	at org.apache.qpid.client.message.UnprocessedMessage.dispatch(UnprocessedMessage.java:54)
	at org.apache.qpid.client.AMQSession$Dispatcher.run(AMQSession.java:3475)
	at java.lang.Thread.run(Thread.java:748)
2019-01-25 17:41:30.154 [Dispatcher-1-Conn-1] ERROR c.g.gm.messagechannel.GxxChannelImpl@261-
com.alibaba.fastjson.JSONException: expect ':' at 0, name nihao
	at com.alibaba.fastjson.parser.DefaultJSONParser.parseObject(DefaultJSONParser.java:218)
	at com.alibaba.fastjson.parser.DefaultJSONParser.parse(DefaultJSONParser.java:1184)
	at com.alibaba.fastjson.parser.DefaultJSONParser.parse(DefaultJSONParser.java:1153)
	at com.alibaba.fastjson.JSON.parse(JSON.java:102)
	at com.alibaba.fastjson.JSON.parse(JSON.java:93)
	at com.alibaba.fastjson.JSON.parseObject(JSON.java:164)
	at com.yyc.testqpid.BaseHandler.onMessage(BaseHandler.java:46)
	at com.gosuncn.gm.messagechannel.GxxChannelImpl.onMessage(GxxChannelImpl.java:223)
	at org.apache.qpid.client.BasicMessageConsumer.notifyMessage(BasicMessageConsumer.java:754)
	at org.apache.qpid.client.BasicMessageConsumer_0_10.notifyMessage(BasicMessageConsumer_0_10.java:143)
	at org.apache.qpid.client.BasicMessageConsumer.notifyMessage(BasicMessageConsumer.java:728)
	at org.apache.qpid.client.BasicMessageConsumer_0_10.notifyMessage(BasicMessageConsumer_0_10.java:189)
	at org.apache.qpid.client.BasicMessageConsumer_0_10.notifyMessage(BasicMessageConsumer_0_10.java:55)
	at org.apache.qpid.client.AMQSession$Dispatcher.notifyConsumer(AMQSession.java:3633)
	at org.apache.qpid.client.AMQSession$Dispatcher.dispatchMessage(AMQSession.java:3565)
	at org.apache.qpid.client.AMQSession$Dispatcher.access$1000(AMQSession.java:3326)
	at org.apache.qpid.client.AMQSession.dispatch(AMQSession.java:3319)
	at org.apache.qpid.client.message.UnprocessedMessage.dispatch(UnprocessedMessage.java:54)
	at org.apache.qpid.client.AMQSession$Dispatcher.run(AMQSession.java:3475)
	at java.lang.Thread.run(Thread.java:748)
2019-01-25 17:42:31.038 [Dispatcher-1-Conn-1] ERROR c.g.gm.messagechannel.GxxChannelImpl@261-
java.lang.NullPointerException: null
	at com.yyc.testqpid.BaseHandler.onMessage(BaseHandler.java:48)
	at com.gosuncn.gm.messagechannel.GxxChannelImpl.onMessage(GxxChannelImpl.java:223)
	at org.apache.qpid.client.BasicMessageConsumer.notifyMessage(BasicMessageConsumer.java:754)
	at org.apache.qpid.client.BasicMessageConsumer_0_10.notifyMessage(BasicMessageConsumer_0_10.java:143)
	at org.apache.qpid.client.BasicMessageConsumer.notifyMessage(BasicMessageConsumer.java:728)
	at org.apache.qpid.client.BasicMessageConsumer_0_10.notifyMessage(BasicMessageConsumer_0_10.java:189)
	at org.apache.qpid.client.BasicMessageConsumer_0_10.notifyMessage(BasicMessageConsumer_0_10.java:55)
	at org.apache.qpid.client.AMQSession$Dispatcher.notifyConsumer(AMQSession.java:3633)
	at org.apache.qpid.client.AMQSession$Dispatcher.dispatchMessage(AMQSession.java:3565)
	at org.apache.qpid.client.AMQSession$Dispatcher.access$1000(AMQSession.java:3326)
	at org.apache.qpid.client.AMQSession.dispatch(AMQSession.java:3319)
	at org.apache.qpid.client.message.UnprocessedMessage.dispatch(UnprocessedMessage.java:54)
	at org.apache.qpid.client.AMQSession$Dispatcher.run(AMQSession.java:3475)
	at java.lang.Thread.run(Thread.java:748)
2019-01-25 17:46:40.549 [Dispatcher-1-Conn-1] ERROR c.g.gm.messagechannel.GxxChannelImpl@261-
com.alibaba.fastjson.JSONException: illegal identifier : \
	at com.alibaba.fastjson.parser.JSONLexerBase.scanSymbolUnQuoted(JSONLexerBase.java:818)
	at com.alibaba.fastjson.parser.DefaultJSONParser.parseObject(DefaultJSONParser.java:261)
	at com.alibaba.fastjson.parser.DefaultJSONParser.parse(DefaultJSONParser.java:1184)
	at com.alibaba.fastjson.parser.DefaultJSONParser.parse(DefaultJSONParser.java:1153)
	at com.alibaba.fastjson.JSON.parse(JSON.java:102)
	at com.alibaba.fastjson.JSON.parse(JSON.java:93)
	at com.alibaba.fastjson.JSON.parseObject(JSON.java:164)
	at com.yyc.testqpid.BaseHandler.onMessage(BaseHandler.java:46)
	at com.gosuncn.gm.messagechannel.GxxChannelImpl.onMessage(GxxChannelImpl.java:223)
	at org.apache.qpid.client.BasicMessageConsumer.notifyMessage(BasicMessageConsumer.java:754)
	at org.apache.qpid.client.BasicMessageConsumer_0_10.notifyMessage(BasicMessageConsumer_0_10.java:143)
	at org.apache.qpid.client.BasicMessageConsumer.notifyMessage(BasicMessageConsumer.java:728)
	at org.apache.qpid.client.BasicMessageConsumer_0_10.notifyMessage(BasicMessageConsumer_0_10.java:189)
	at org.apache.qpid.client.BasicMessageConsumer_0_10.notifyMessage(BasicMessageConsumer_0_10.java:55)
	at org.apache.qpid.client.AMQSession$Dispatcher.notifyConsumer(AMQSession.java:3633)
	at org.apache.qpid.client.AMQSession$Dispatcher.dispatchMessage(AMQSession.java:3565)
	at org.apache.qpid.client.AMQSession$Dispatcher.access$1000(AMQSession.java:3326)
	at org.apache.qpid.client.AMQSession.dispatch(AMQSession.java:3319)
	at org.apache.qpid.client.message.UnprocessedMessage.dispatch(UnprocessedMessage.java:54)
	at org.apache.qpid.client.AMQSession$Dispatcher.run(AMQSession.java:3475)
	at java.lang.Thread.run(Thread.java:748)
