2019-01-25 17:33:24.838 [main] INFO  com.yyc.testqpid.TestqpidApplication@50-Starting TestqpidApplication on yyc with PID 16168 (F:\IdeaProjects\qpiddemo\target\classes started by Administrator in F:\IdeaProjects\qpiddemo)
2019-01-25 17:33:24.862 [main] INFO  com.yyc.testqpid.TestqpidApplication@675-No active profile set, falling back to default profiles: default
2019-01-25 17:33:27.293 [main] INFO  o.s.b.w.e.tomcat.TomcatWebServer@90-Tomcat initialized with port(s): 8881 (http)
2019-01-25 17:33:27.316 [main] INFO  o.a.coyote.http11.Http11NioProtocol@173-Initializing ProtocolHandler ["http-nio-8881"]
2019-01-25 17:33:27.331 [main] INFO  o.a.catalina.core.StandardService@173-Starting service [Tomcat]
2019-01-25 17:33:27.332 [main] INFO  o.a.catalina.core.StandardEngine@173-Starting Servlet engine: [Apache Tomcat/9.0.14]
2019-01-25 17:33:27.342 [main] INFO  o.a.c.core.AprLifecycleListener@173-The APR based Apache Tomcat Native library which allows optimal performance in production environments was not found on the java.library.path: [C:\Program Files\Java\jdk1.8.0_172\bin;C:\WINDOWS\Sun\Java\bin;C:\WINDOWS\system32;C:\WINDOWS;C:\Program Files (x86)\Common Files\NetSarang;C:\Program Files (x86)\Common Files\Oracle\Java\javapath;.;C:\WINDOWS\system32;C:\WINDOWS;C:\WINDOWS\System32\Wbem;C:\WINDOWS\System32\WindowsPowerShell\v1.0\;C:\Program Files (x86)\NVIDIA Corporation\PhysX\Common;F:\apache-maven-3.1.1\bin;C:\Program Files\MySQL\MySQL Server 5.5\bin;C:\WINDOWS;C:\WINDOWS\system32;C:\WINDOWS\System32\Wbem;C:\WINDOWS\System32\WindowsPowerShell\v1.0\;C:\windows\system32;C:\windows;C:\windows\System32\Wbem;C:\Program Files (x86)\kedacom\科达监控中心\AvatarClient\app;C:\Program Files (x86)\kedacom\科达监控中心\thirdsdk\g100_tiandy;C:\Program Files (x86)\kedacom\科达监控中心\thirdsdk\g100_jingyang;C:\Program Files (x86)\kedacom\科达监控中心\thirdsdk\g100_haote5;C:\Program Files (x86)\kedacom\科达监控中心\thirdsdk\g100_langchi;C:\Program Files (x86)\kedacom\科达监控中心\thirdsdk\g100_nanzi;C:\Program Files (x86)\kedacom\科达监控中心\thirdsdk\g100_hanbang;C:\Program Files (x86)\kedacom\科达监控中心\thirdsdk\g100_guobiao;C:\Program Files (x86)\kedacom\科达监控中心\thirdsdk\g100_dahua;C:\Program Files\TortoiseSVN\bin;F:\python-3.5.4-embed-amd64;C:\Program Files\Java\jdk1.8.0_172\bin;C:\Program Files\Java\jdk1.7.0_25\bin;C:\Program Files (x86)\OpenVPN\bin;C:\WINDOWS\System32\OpenSSH\;C:\Users\Administrator\AppData\Local\Microsoft\WindowsApps;;.]
2019-01-25 17:33:27.514 [main] INFO  o.a.c.c.C.[Tomcat].[localhost].[/]@173-Initializing Spring embedded WebApplicationContext
2019-01-25 17:33:27.514 [main] INFO  o.s.web.context.ContextLoader@296-Root WebApplicationContext: initialization completed in 2550 ms
2019-01-25 17:33:27.768 [main] INFO  o.a.q.c.s.DynamicSaslRegistrar@118-Additional SASL providers successfully registered.
2019-01-25 17:33:27.771 [main] INFO  o.a.q.c.s.CallbackHandlerRegistry@118-Callback handlers available for SASL mechanisms: [EXTERNAL, GSSAPI, SCRAM-SHA-256, SCRAM-SHA-1, CRAM-MD5-HASHED, CRAM-MD5, PLAIN, AMQPLAIN, ANONYMOUS]
2019-01-25 17:33:28.063 [main] INFO  org.apache.qpid.client.AMQConnection@1810-Connection 1 now connected from /10.10.2.10:49876 to /10.10.9.206:5672
2019-01-25 17:33:28.563 [main] INFO  c.g.gm.messagechannel.GxxChannelImpl@72-QPIDChannel open success!com.goldmsg.gmvcs.common.qpid.wrapper.QPIDChannel@3506d826
2019-01-25 17:33:28.961 [main] INFO  s.d.s.w.PropertySourcedRequestMappingHandlerMapping@69-Mapped URL path [/v2/api-docs] onto method [public org.springframework.http.ResponseEntity<springfox.documentation.spring.web.json.Json> springfox.documentation.swagger2.web.Swagger2Controller.getDocumentation(java.lang.String,javax.servlet.http.HttpServletRequest)]
2019-01-25 17:33:29.126 [main] INFO  o.s.s.c.ThreadPoolTaskExecutor@171-Initializing ExecutorService 'applicationTaskExecutor'
2019-01-25 17:33:29.326 [main] INFO  s.d.s.w.p.DocumentationPluginsBootstrapper@147-Context refreshed
2019-01-25 17:33:29.353 [main] INFO  s.d.s.w.p.DocumentationPluginsBootstrapper@150-Found 1 custom documentation plugin(s)
2019-01-25 17:33:29.406 [main] INFO  s.d.s.w.s.ApiListingReferenceScanner@41-Scanning for api listing references
2019-01-25 17:33:29.647 [main] INFO  o.a.coyote.http11.Http11NioProtocol@173-Starting ProtocolHandler ["http-nio-8881"]
2019-01-25 17:33:29.692 [main] INFO  o.s.b.w.e.tomcat.TomcatWebServer@204-Tomcat started on port(s): 8881 (http) with context path ''
2019-01-25 17:33:29.697 [main] INFO  com.yyc.testqpid.TestqpidApplication@59-Started TestqpidApplication in 5.867 seconds (JVM running for 8.106)
2019-01-25 17:33:46.376 [http-nio-8881-exec-1] INFO  o.a.c.c.C.[Tomcat].[localhost].[/]@173-Initializing Spring DispatcherServlet 'dispatcherServlet'
2019-01-25 17:33:46.377 [http-nio-8881-exec-1] INFO  o.s.web.servlet.DispatcherServlet@524-Initializing Servlet 'dispatcherServlet'
2019-01-25 17:33:46.386 [http-nio-8881-exec-1] INFO  o.s.web.servlet.DispatcherServlet@546-Completed initialization in 9 ms
2019-01-25 17:34:58.740 [main] INFO  com.yyc.testqpid.TestqpidApplication@50-Starting TestqpidApplication on yyc with PID 18088 (F:\IdeaProjects\qpiddemo\target\classes started by Administrator in F:\IdeaProjects\qpiddemo)
2019-01-25 17:34:58.748 [main] INFO  com.yyc.testqpid.TestqpidApplication@675-No active profile set, falling back to default profiles: default
2019-01-25 17:35:01.357 [main] INFO  o.s.b.w.e.tomcat.TomcatWebServer@90-Tomcat initialized with port(s): 8881 (http)
2019-01-25 17:35:01.378 [main] INFO  o.a.coyote.http11.Http11NioProtocol@173-Initializing ProtocolHandler ["http-nio-8881"]
2019-01-25 17:35:01.393 [main] INFO  o.a.catalina.core.StandardService@173-Starting service [Tomcat]
2019-01-25 17:35:01.394 [main] INFO  o.a.catalina.core.StandardEngine@173-Starting Servlet engine: [Apache Tomcat/9.0.14]
2019-01-25 17:35:01.406 [main] INFO  o.a.c.core.AprLifecycleListener@173-The APR based Apache Tomcat Native library which allows optimal performance in production environments was not found on the java.library.path: [C:\Program Files\Java\jdk1.8.0_172\bin;C:\WINDOWS\Sun\Java\bin;C:\WINDOWS\system32;C:\WINDOWS;C:\Program Files (x86)\Common Files\NetSarang;C:\Program Files (x86)\Common Files\Oracle\Java\javapath;.;C:\WINDOWS\system32;C:\WINDOWS;C:\WINDOWS\System32\Wbem;C:\WINDOWS\System32\WindowsPowerShell\v1.0\;C:\Program Files (x86)\NVIDIA Corporation\PhysX\Common;F:\apache-maven-3.1.1\bin;C:\Program Files\MySQL\MySQL Server 5.5\bin;C:\WINDOWS;C:\WINDOWS\system32;C:\WINDOWS\System32\Wbem;C:\WINDOWS\System32\WindowsPowerShell\v1.0\;C:\windows\system32;C:\windows;C:\windows\System32\Wbem;C:\Program Files (x86)\kedacom\科达监控中心\AvatarClient\app;C:\Program Files (x86)\kedacom\科达监控中心\thirdsdk\g100_tiandy;C:\Program Files (x86)\kedacom\科达监控中心\thirdsdk\g100_jingyang;C:\Program Files (x86)\kedacom\科达监控中心\thirdsdk\g100_haote5;C:\Program Files (x86)\kedacom\科达监控中心\thirdsdk\g100_langchi;C:\Program Files (x86)\kedacom\科达监控中心\thirdsdk\g100_nanzi;C:\Program Files (x86)\kedacom\科达监控中心\thirdsdk\g100_hanbang;C:\Program Files (x86)\kedacom\科达监控中心\thirdsdk\g100_guobiao;C:\Program Files (x86)\kedacom\科达监控中心\thirdsdk\g100_dahua;C:\Program Files\TortoiseSVN\bin;F:\python-3.5.4-embed-amd64;C:\Program Files\Java\jdk1.8.0_172\bin;C:\Program Files\Java\jdk1.7.0_25\bin;C:\Program Files (x86)\OpenVPN\bin;C:\WINDOWS\System32\OpenSSH\;C:\Users\Administrator\AppData\Local\Microsoft\WindowsApps;;.]
2019-01-25 17:35:01.591 [main] INFO  o.a.c.c.C.[Tomcat].[localhost].[/]@173-Initializing Spring embedded WebApplicationContext
2019-01-25 17:35:01.592 [main] INFO  o.s.web.context.ContextLoader@296-Root WebApplicationContext: initialization completed in 2684 ms
2019-01-25 17:35:01.862 [main] INFO  o.a.q.c.s.DynamicSaslRegistrar@118-Additional SASL providers successfully registered.
2019-01-25 17:35:01.865 [main] INFO  o.a.q.c.s.CallbackHandlerRegistry@118-Callback handlers available for SASL mechanisms: [EXTERNAL, GSSAPI, SCRAM-SHA-256, SCRAM-SHA-1, CRAM-MD5-HASHED, CRAM-MD5, PLAIN, AMQPLAIN, ANONYMOUS]
2019-01-25 17:35:02.252 [main] INFO  org.apache.qpid.client.AMQConnection@1810-Connection 1 now connected from /10.10.2.10:50093 to /10.10.9.206:5672
2019-01-25 17:35:02.783 [main] INFO  c.g.gm.messagechannel.GxxChannelImpl@72-QPIDChannel open success!com.goldmsg.gmvcs.common.qpid.wrapper.QPIDChannel@26f7cdf8
2019-01-25 17:35:03.178 [main] INFO  s.d.s.w.PropertySourcedRequestMappingHandlerMapping@69-Mapped URL path [/v2/api-docs] onto method [public org.springframework.http.ResponseEntity<springfox.documentation.spring.web.json.Json> springfox.documentation.swagger2.web.Swagger2Controller.getDocumentation(java.lang.String,javax.servlet.http.HttpServletRequest)]
2019-01-25 17:35:03.356 [main] INFO  o.s.s.c.ThreadPoolTaskExecutor@171-Initializing ExecutorService 'applicationTaskExecutor'
2019-01-25 17:35:03.543 [main] INFO  s.d.s.w.p.DocumentationPluginsBootstrapper@147-Context refreshed
2019-01-25 17:35:03.565 [main] INFO  s.d.s.w.p.DocumentationPluginsBootstrapper@150-Found 1 custom documentation plugin(s)
2019-01-25 17:35:03.608 [main] INFO  s.d.s.w.s.ApiListingReferenceScanner@41-Scanning for api listing references
2019-01-25 17:35:03.860 [main] INFO  o.a.coyote.http11.Http11NioProtocol@173-Starting ProtocolHandler ["http-nio-8881"]
2019-01-25 17:35:03.908 [main] INFO  o.s.b.w.e.tomcat.TomcatWebServer@204-Tomcat started on port(s): 8881 (http) with context path ''
2019-01-25 17:35:03.913 [main] INFO  com.yyc.testqpid.TestqpidApplication@59-Started TestqpidApplication in 6.199 seconds (JVM running for 8.114)
2019-01-25 17:36:04.574 [http-nio-8881-exec-1] INFO  o.a.c.c.C.[Tomcat].[localhost].[/]@173-Initializing Spring DispatcherServlet 'dispatcherServlet'
2019-01-25 17:36:04.575 [http-nio-8881-exec-1] INFO  o.s.web.servlet.DispatcherServlet@524-Initializing Servlet 'dispatcherServlet'
2019-01-25 17:36:04.590 [http-nio-8881-exec-1] INFO  o.s.web.servlet.DispatcherServlet@546-Completed initialization in 15 ms
2019-01-25 17:36:26.110 [http-nio-8881-exec-6] INFO  com.yyc.testqpid.impl.QpidImpl@28-主题[subject.qpid.demo.receive]发送了消息[xxxx]
2019-01-25 17:36:26.216 [Dispatcher-1-Conn-1] ERROR c.g.gm.messagechannel.GxxChannelImpl@261-
com.alibaba.fastjson.JSONException: syntax error, pos 1
	at com.alibaba.fastjson.parser.DefaultJSONParser.parse(DefaultJSONParser.java:1240)
	at com.alibaba.fastjson.parser.DefaultJSONParser.parse(DefaultJSONParser.java:1153)
	at com.alibaba.fastjson.JSON.parse(JSON.java:102)
	at com.alibaba.fastjson.JSON.parse(JSON.java:93)
	at com.alibaba.fastjson.JSON.parseObject(JSON.java:164)
	at com.yyc.testqpid.BaseHandler.onMessage(BaseHandler.java:46)
	at com.gosuncn.gm.messagechannel.GxxChannelImpl.onMessage(GxxChannelImpl.java:223)
	at org.apache.qpid.client.BasicMessageConsumer.notifyMessage(BasicMessageConsumer.java:754)
	at org.apache.qpid.client.BasicMessageConsumer_0_10.notifyMessage(BasicMessageConsumer_0_10.java:143)
	at org.apache.qpid.client.BasicMessageConsumer.notifyMessage(BasicMessageConsumer.java:728)
	at org.apache.qpid.client.BasicMessageConsumer_0_10.notifyMessage(BasicMessageConsumer_0_10.java:189)
	at org.apache.qpid.client.BasicMessageConsumer_0_10.notifyMessage(BasicMessageConsumer_0_10.java:55)
	at org.apache.qpid.client.AMQSession$Dispatcher.notifyConsumer(AMQSession.java:3633)
	at org.apache.qpid.client.AMQSession$Dispatcher.dispatchMessage(AMQSession.java:3565)
	at org.apache.qpid.client.AMQSession$Dispatcher.access$1000(AMQSession.java:3326)
	at org.apache.qpid.client.AMQSession.dispatch(AMQSession.java:3319)
	at org.apache.qpid.client.message.UnprocessedMessage.dispatch(UnprocessedMessage.java:54)
	at org.apache.qpid.client.AMQSession$Dispatcher.run(AMQSession.java:3475)
	at java.lang.Thread.run(Thread.java:748)
2019-01-25 17:37:17.851 [main] INFO  com.yyc.testqpid.TestqpidApplication@50-Starting TestqpidApplication on yyc with PID 20428 (F:\IdeaProjects\qpiddemo\target\classes started by Administrator in F:\IdeaProjects\qpiddemo)
2019-01-25 17:37:17.861 [main] INFO  com.yyc.testqpid.TestqpidApplication@675-No active profile set, falling back to default profiles: default
2019-01-25 17:37:20.752 [main] INFO  o.s.b.w.e.tomcat.TomcatWebServer@90-Tomcat initialized with port(s): 8881 (http)
2019-01-25 17:37:20.777 [main] INFO  o.a.coyote.http11.Http11NioProtocol@173-Initializing ProtocolHandler ["http-nio-8881"]
2019-01-25 17:37:20.795 [main] INFO  o.a.catalina.core.StandardService@173-Starting service [Tomcat]
2019-01-25 17:37:20.796 [main] INFO  o.a.catalina.core.StandardEngine@173-Starting Servlet engine: [Apache Tomcat/9.0.14]
2019-01-25 17:37:20.807 [main] INFO  o.a.c.core.AprLifecycleListener@173-The APR based Apache Tomcat Native library which allows optimal performance in production environments was not found on the java.library.path: [C:\Program Files\Java\jdk1.8.0_172\bin;C:\WINDOWS\Sun\Java\bin;C:\WINDOWS\system32;C:\WINDOWS;C:\Program Files (x86)\Common Files\NetSarang;C:\Program Files (x86)\Common Files\Oracle\Java\javapath;.;C:\WINDOWS\system32;C:\WINDOWS;C:\WINDOWS\System32\Wbem;C:\WINDOWS\System32\WindowsPowerShell\v1.0\;C:\Program Files (x86)\NVIDIA Corporation\PhysX\Common;F:\apache-maven-3.1.1\bin;C:\Program Files\MySQL\MySQL Server 5.5\bin;C:\WINDOWS;C:\WINDOWS\system32;C:\WINDOWS\System32\Wbem;C:\WINDOWS\System32\WindowsPowerShell\v1.0\;C:\windows\system32;C:\windows;C:\windows\System32\Wbem;C:\Program Files (x86)\kedacom\科达监控中心\AvatarClient\app;C:\Program Files (x86)\kedacom\科达监控中心\thirdsdk\g100_tiandy;C:\Program Files (x86)\kedacom\科达监控中心\thirdsdk\g100_jingyang;C:\Program Files (x86)\kedacom\科达监控中心\thirdsdk\g100_haote5;C:\Program Files (x86)\kedacom\科达监控中心\thirdsdk\g100_langchi;C:\Program Files (x86)\kedacom\科达监控中心\thirdsdk\g100_nanzi;C:\Program Files (x86)\kedacom\科达监控中心\thirdsdk\g100_hanbang;C:\Program Files (x86)\kedacom\科达监控中心\thirdsdk\g100_guobiao;C:\Program Files (x86)\kedacom\科达监控中心\thirdsdk\g100_dahua;C:\Program Files\TortoiseSVN\bin;F:\python-3.5.4-embed-amd64;C:\Program Files\Java\jdk1.8.0_172\bin;C:\Program Files\Java\jdk1.7.0_25\bin;C:\Program Files (x86)\OpenVPN\bin;C:\WINDOWS\System32\OpenSSH\;C:\Users\Administrator\AppData\Local\Microsoft\WindowsApps;;.]
2019-01-25 17:37:21.040 [main] INFO  o.a.c.c.C.[Tomcat].[localhost].[/]@173-Initializing Spring embedded WebApplicationContext
2019-01-25 17:37:21.041 [main] INFO  o.s.web.context.ContextLoader@296-Root WebApplicationContext: initialization completed in 2985 ms
2019-01-25 17:37:21.388 [main] INFO  o.a.q.c.s.DynamicSaslRegistrar@118-Additional SASL providers successfully registered.
2019-01-25 17:37:21.392 [main] INFO  o.a.q.c.s.CallbackHandlerRegistry@118-Callback handlers available for SASL mechanisms: [EXTERNAL, GSSAPI, SCRAM-SHA-256, SCRAM-SHA-1, CRAM-MD5-HASHED, CRAM-MD5, PLAIN, AMQPLAIN, ANONYMOUS]
2019-01-25 17:37:21.785 [main] INFO  org.apache.qpid.client.AMQConnection@1810-Connection 1 now connected from /10.10.2.10:50368 to /10.10.9.206:5672
2019-01-25 17:37:22.320 [main] INFO  c.g.gm.messagechannel.GxxChannelImpl@72-QPIDChannel open success!com.goldmsg.gmvcs.common.qpid.wrapper.QPIDChannel@834e986
2019-01-25 17:37:22.828 [main] INFO  s.d.s.w.PropertySourcedRequestMappingHandlerMapping@69-Mapped URL path [/v2/api-docs] onto method [public org.springframework.http.ResponseEntity<springfox.documentation.spring.web.json.Json> springfox.documentation.swagger2.web.Swagger2Controller.getDocumentation(java.lang.String,javax.servlet.http.HttpServletRequest)]
2019-01-25 17:37:23.052 [main] INFO  o.s.s.c.ThreadPoolTaskExecutor@171-Initializing ExecutorService 'applicationTaskExecutor'
2019-01-25 17:37:23.289 [main] INFO  s.d.s.w.p.DocumentationPluginsBootstrapper@147-Context refreshed
2019-01-25 17:37:23.324 [main] INFO  s.d.s.w.p.DocumentationPluginsBootstrapper@150-Found 1 custom documentation plugin(s)
2019-01-25 17:37:23.389 [main] INFO  s.d.s.w.s.ApiListingReferenceScanner@41-Scanning for api listing references
2019-01-25 17:37:23.686 [main] INFO  o.a.coyote.http11.Http11NioProtocol@173-Starting ProtocolHandler ["http-nio-8881"]
2019-01-25 17:37:23.741 [main] INFO  o.s.b.w.e.tomcat.TomcatWebServer@204-Tomcat started on port(s): 8881 (http) with context path ''
2019-01-25 17:37:23.750 [main] INFO  com.yyc.testqpid.TestqpidApplication@59-Started TestqpidApplication in 7.471 seconds (JVM running for 9.682)
2019-01-25 17:38:04.731 [http-nio-8881-exec-2] INFO  o.a.c.c.C.[Tomcat].[localhost].[/]@173-Initializing Spring DispatcherServlet 'dispatcherServlet'
2019-01-25 17:38:04.732 [http-nio-8881-exec-2] INFO  o.s.web.servlet.DispatcherServlet@524-Initializing Servlet 'dispatcherServlet'
2019-01-25 17:38:04.749 [http-nio-8881-exec-2] INFO  o.s.web.servlet.DispatcherServlet@546-Completed initialization in 16 ms
2019-01-25 17:38:04.931 [http-nio-8881-exec-2] INFO  com.yyc.testqpid.impl.QpidImpl@28-主题[subject.qpid.demo.receive]发送了消息[xxxx]
2019-01-25 17:39:14.111 [Dispatcher-1-Conn-1] ERROR c.g.gm.messagechannel.GxxChannelImpl@261-
com.alibaba.fastjson.JSONException: syntax error, pos 1
	at com.alibaba.fastjson.parser.DefaultJSONParser.parse(DefaultJSONParser.java:1240)
	at com.alibaba.fastjson.parser.DefaultJSONParser.parse(DefaultJSONParser.java:1153)
	at com.alibaba.fastjson.JSON.parse(JSON.java:102)
	at com.alibaba.fastjson.JSON.parse(JSON.java:93)
	at com.alibaba.fastjson.JSON.parseObject(JSON.java:164)
	at com.yyc.testqpid.BaseHandler.onMessage(BaseHandler.java:46)
	at com.gosuncn.gm.messagechannel.GxxChannelImpl.onMessage(GxxChannelImpl.java:223)
	at org.apache.qpid.client.BasicMessageConsumer.notifyMessage(BasicMessageConsumer.java:754)
	at org.apache.qpid.client.BasicMessageConsumer_0_10.notifyMessage(BasicMessageConsumer_0_10.java:143)
	at org.apache.qpid.client.BasicMessageConsumer.notifyMessage(BasicMessageConsumer.java:728)
	at org.apache.qpid.client.BasicMessageConsumer_0_10.notifyMessage(BasicMessageConsumer_0_10.java:189)
	at org.apache.qpid.client.BasicMessageConsumer_0_10.notifyMessage(BasicMessageConsumer_0_10.java:55)
	at org.apache.qpid.client.AMQSession$Dispatcher.notifyConsumer(AMQSession.java:3633)
	at org.apache.qpid.client.AMQSession$Dispatcher.dispatchMessage(AMQSession.java:3565)
	at org.apache.qpid.client.AMQSession$Dispatcher.access$1000(AMQSession.java:3326)
	at org.apache.qpid.client.AMQSession.dispatch(AMQSession.java:3319)
	at org.apache.qpid.client.message.UnprocessedMessage.dispatch(UnprocessedMessage.java:54)
	at org.apache.qpid.client.AMQSession$Dispatcher.run(AMQSession.java:3475)
	at java.lang.Thread.run(Thread.java:748)
2019-01-25 17:40:40.382 [main] INFO  com.yyc.testqpid.TestqpidApplication@50-Starting TestqpidApplication on yyc with PID 18012 (F:\IdeaProjects\qpiddemo\target\classes started by Administrator in F:\IdeaProjects\qpiddemo)
2019-01-25 17:40:40.414 [main] INFO  com.yyc.testqpid.TestqpidApplication@675-No active profile set, falling back to default profiles: default
2019-01-25 17:40:44.047 [main] INFO  o.s.b.w.e.tomcat.TomcatWebServer@90-Tomcat initialized with port(s): 8881 (http)
2019-01-25 17:40:44.079 [main] INFO  o.a.coyote.http11.Http11NioProtocol@173-Initializing ProtocolHandler ["http-nio-8881"]
2019-01-25 17:40:44.104 [main] INFO  o.a.catalina.core.StandardService@173-Starting service [Tomcat]
2019-01-25 17:40:44.106 [main] INFO  o.a.catalina.core.StandardEngine@173-Starting Servlet engine: [Apache Tomcat/9.0.14]
2019-01-25 17:40:44.119 [main] INFO  o.a.c.core.AprLifecycleListener@173-The APR based Apache Tomcat Native library which allows optimal performance in production environments was not found on the java.library.path: [C:\Program Files\Java\jdk1.8.0_172\bin;C:\WINDOWS\Sun\Java\bin;C:\WINDOWS\system32;C:\WINDOWS;C:\Program Files (x86)\Common Files\NetSarang;C:\Program Files (x86)\Common Files\Oracle\Java\javapath;.;C:\WINDOWS\system32;C:\WINDOWS;C:\WINDOWS\System32\Wbem;C:\WINDOWS\System32\WindowsPowerShell\v1.0\;C:\Program Files (x86)\NVIDIA Corporation\PhysX\Common;F:\apache-maven-3.1.1\bin;C:\Program Files\MySQL\MySQL Server 5.5\bin;C:\WINDOWS;C:\WINDOWS\system32;C:\WINDOWS\System32\Wbem;C:\WINDOWS\System32\WindowsPowerShell\v1.0\;C:\windows\system32;C:\windows;C:\windows\System32\Wbem;C:\Program Files (x86)\kedacom\科达监控中心\AvatarClient\app;C:\Program Files (x86)\kedacom\科达监控中心\thirdsdk\g100_tiandy;C:\Program Files (x86)\kedacom\科达监控中心\thirdsdk\g100_jingyang;C:\Program Files (x86)\kedacom\科达监控中心\thirdsdk\g100_haote5;C:\Program Files (x86)\kedacom\科达监控中心\thirdsdk\g100_langchi;C:\Program Files (x86)\kedacom\科达监控中心\thirdsdk\g100_nanzi;C:\Program Files (x86)\kedacom\科达监控中心\thirdsdk\g100_hanbang;C:\Program Files (x86)\kedacom\科达监控中心\thirdsdk\g100_guobiao;C:\Program Files (x86)\kedacom\科达监控中心\thirdsdk\g100_dahua;C:\Program Files\TortoiseSVN\bin;F:\python-3.5.4-embed-amd64;C:\Program Files\Java\jdk1.8.0_172\bin;C:\Program Files\Java\jdk1.7.0_25\bin;C:\Program Files (x86)\OpenVPN\bin;C:\WINDOWS\System32\OpenSSH\;C:\Users\Administrator\AppData\Local\Microsoft\WindowsApps;;.]
2019-01-25 17:40:44.358 [main] INFO  o.a.c.c.C.[Tomcat].[localhost].[/]@173-Initializing Spring embedded WebApplicationContext
2019-01-25 17:40:44.359 [main] INFO  o.s.web.context.ContextLoader@296-Root WebApplicationContext: initialization completed in 3669 ms
2019-01-25 17:40:44.802 [main] INFO  o.a.q.c.s.DynamicSaslRegistrar@118-Additional SASL providers successfully registered.
2019-01-25 17:40:44.808 [main] INFO  o.a.q.c.s.CallbackHandlerRegistry@118-Callback handlers available for SASL mechanisms: [EXTERNAL, GSSAPI, SCRAM-SHA-256, SCRAM-SHA-1, CRAM-MD5-HASHED, CRAM-MD5, PLAIN, AMQPLAIN, ANONYMOUS]
2019-01-25 17:40:45.227 [main] INFO  org.apache.qpid.client.AMQConnection@1810-Connection 1 now connected from /10.10.2.10:50793 to /10.10.9.206:5672
2019-01-25 17:40:46.200 [main] INFO  c.g.gm.messagechannel.GxxChannelImpl@72-QPIDChannel open success!com.goldmsg.gmvcs.common.qpid.wrapper.QPIDChannel@35d60381
2019-01-25 17:40:46.772 [main] INFO  s.d.s.w.PropertySourcedRequestMappingHandlerMapping@69-Mapped URL path [/v2/api-docs] onto method [public org.springframework.http.ResponseEntity<springfox.documentation.spring.web.json.Json> springfox.documentation.swagger2.web.Swagger2Controller.getDocumentation(java.lang.String,javax.servlet.http.HttpServletRequest)]
2019-01-25 17:40:47.047 [main] INFO  o.s.s.c.ThreadPoolTaskExecutor@171-Initializing ExecutorService 'applicationTaskExecutor'
2019-01-25 17:40:47.325 [main] INFO  s.d.s.w.p.DocumentationPluginsBootstrapper@147-Context refreshed
2019-01-25 17:40:47.362 [main] INFO  s.d.s.w.p.DocumentationPluginsBootstrapper@150-Found 1 custom documentation plugin(s)
2019-01-25 17:40:47.445 [main] INFO  s.d.s.w.s.ApiListingReferenceScanner@41-Scanning for api listing references
2019-01-25 17:40:47.802 [main] INFO  o.a.coyote.http11.Http11NioProtocol@173-Starting ProtocolHandler ["http-nio-8881"]
2019-01-25 17:40:47.901 [main] INFO  o.s.b.w.e.tomcat.TomcatWebServer@204-Tomcat started on port(s): 8881 (http) with context path ''
2019-01-25 17:40:47.910 [main] INFO  com.yyc.testqpid.TestqpidApplication@59-Started TestqpidApplication in 10.136 seconds (JVM running for 12.791)
2019-01-25 17:40:55.863 [http-nio-8881-exec-1] INFO  o.a.c.c.C.[Tomcat].[localhost].[/]@173-Initializing Spring DispatcherServlet 'dispatcherServlet'
2019-01-25 17:40:55.863 [http-nio-8881-exec-1] INFO  o.s.web.servlet.DispatcherServlet@524-Initializing Servlet 'dispatcherServlet'
2019-01-25 17:40:55.879 [http-nio-8881-exec-1] INFO  o.s.web.servlet.DispatcherServlet@546-Completed initialization in 15 ms
2019-01-25 17:40:56.047 [http-nio-8881-exec-1] INFO  com.yyc.testqpid.impl.QpidImpl@28-主题[subject.qpid.demo.receive]发送了消息[{"nihao"}]
2019-01-25 17:41:30.154 [Dispatcher-1-Conn-1] ERROR c.g.gm.messagechannel.GxxChannelImpl@261-
com.alibaba.fastjson.JSONException: expect ':' at 0, name nihao
	at com.alibaba.fastjson.parser.DefaultJSONParser.parseObject(DefaultJSONParser.java:218)
	at com.alibaba.fastjson.parser.DefaultJSONParser.parse(DefaultJSONParser.java:1184)
	at com.alibaba.fastjson.parser.DefaultJSONParser.parse(DefaultJSONParser.java:1153)
	at com.alibaba.fastjson.JSON.parse(JSON.java:102)
	at com.alibaba.fastjson.JSON.parse(JSON.java:93)
	at com.alibaba.fastjson.JSON.parseObject(JSON.java:164)
	at com.yyc.testqpid.BaseHandler.onMessage(BaseHandler.java:46)
	at com.gosuncn.gm.messagechannel.GxxChannelImpl.onMessage(GxxChannelImpl.java:223)
	at org.apache.qpid.client.BasicMessageConsumer.notifyMessage(BasicMessageConsumer.java:754)
	at org.apache.qpid.client.BasicMessageConsumer_0_10.notifyMessage(BasicMessageConsumer_0_10.java:143)
	at org.apache.qpid.client.BasicMessageConsumer.notifyMessage(BasicMessageConsumer.java:728)
	at org.apache.qpid.client.BasicMessageConsumer_0_10.notifyMessage(BasicMessageConsumer_0_10.java:189)
	at org.apache.qpid.client.BasicMessageConsumer_0_10.notifyMessage(BasicMessageConsumer_0_10.java:55)
	at org.apache.qpid.client.AMQSession$Dispatcher.notifyConsumer(AMQSession.java:3633)
	at org.apache.qpid.client.AMQSession$Dispatcher.dispatchMessage(AMQSession.java:3565)
	at org.apache.qpid.client.AMQSession$Dispatcher.access$1000(AMQSession.java:3326)
	at org.apache.qpid.client.AMQSession.dispatch(AMQSession.java:3319)
	at org.apache.qpid.client.message.UnprocessedMessage.dispatch(UnprocessedMessage.java:54)
	at org.apache.qpid.client.AMQSession$Dispatcher.run(AMQSession.java:3475)
	at java.lang.Thread.run(Thread.java:748)
2019-01-25 17:41:45.497 [http-nio-8881-exec-2] INFO  com.yyc.testqpid.impl.QpidImpl@28-主题[subject.qpid.demo.receive]发送了消息[null]
2019-01-25 17:42:31.038 [Dispatcher-1-Conn-1] ERROR c.g.gm.messagechannel.GxxChannelImpl@261-
java.lang.NullPointerException: null
	at com.yyc.testqpid.BaseHandler.onMessage(BaseHandler.java:48)
	at com.gosuncn.gm.messagechannel.GxxChannelImpl.onMessage(GxxChannelImpl.java:223)
	at org.apache.qpid.client.BasicMessageConsumer.notifyMessage(BasicMessageConsumer.java:754)
	at org.apache.qpid.client.BasicMessageConsumer_0_10.notifyMessage(BasicMessageConsumer_0_10.java:143)
	at org.apache.qpid.client.BasicMessageConsumer.notifyMessage(BasicMessageConsumer.java:728)
	at org.apache.qpid.client.BasicMessageConsumer_0_10.notifyMessage(BasicMessageConsumer_0_10.java:189)
	at org.apache.qpid.client.BasicMessageConsumer_0_10.notifyMessage(BasicMessageConsumer_0_10.java:55)
	at org.apache.qpid.client.AMQSession$Dispatcher.notifyConsumer(AMQSession.java:3633)
	at org.apache.qpid.client.AMQSession$Dispatcher.dispatchMessage(AMQSession.java:3565)
	at org.apache.qpid.client.AMQSession$Dispatcher.access$1000(AMQSession.java:3326)
	at org.apache.qpid.client.AMQSession.dispatch(AMQSession.java:3319)
	at org.apache.qpid.client.message.UnprocessedMessage.dispatch(UnprocessedMessage.java:54)
	at org.apache.qpid.client.AMQSession$Dispatcher.run(AMQSession.java:3475)
	at java.lang.Thread.run(Thread.java:748)
2019-01-25 17:42:56.104 [http-nio-8881-exec-4] INFO  com.yyc.testqpid.impl.QpidImpl@28-主题[subject.qpid.demo.receive]发送了消息[{"name":"nihao"}]
2019-01-25 17:43:17.905 [Dispatcher-1-Conn-1] INFO  c.y.testqpid.handler.TestReqHandler@32-主题[subject.qpid.demo.receive]收到消息[{"name":"nihao"}]
2019-01-25 17:44:39.864 [main] INFO  com.yyc.testqpid.TestqpidApplication@50-Starting TestqpidApplication on yyc with PID 18684 (F:\IdeaProjects\qpiddemo\target\classes started by Administrator in F:\IdeaProjects\qpiddemo)
2019-01-25 17:44:39.873 [main] INFO  com.yyc.testqpid.TestqpidApplication@675-No active profile set, falling back to default profiles: default
2019-01-25 17:44:42.972 [main] INFO  o.s.b.w.e.tomcat.TomcatWebServer@90-Tomcat initialized with port(s): 8881 (http)
2019-01-25 17:44:42.996 [main] INFO  o.a.coyote.http11.Http11NioProtocol@173-Initializing ProtocolHandler ["http-nio-8881"]
2019-01-25 17:44:43.014 [main] INFO  o.a.catalina.core.StandardService@173-Starting service [Tomcat]
2019-01-25 17:44:43.014 [main] INFO  o.a.catalina.core.StandardEngine@173-Starting Servlet engine: [Apache Tomcat/9.0.14]
2019-01-25 17:44:43.027 [main] INFO  o.a.c.core.AprLifecycleListener@173-The APR based Apache Tomcat Native library which allows optimal performance in production environments was not found on the java.library.path: [C:\Program Files\Java\jdk1.8.0_172\bin;C:\WINDOWS\Sun\Java\bin;C:\WINDOWS\system32;C:\WINDOWS;C:\Program Files (x86)\Common Files\NetSarang;C:\Program Files (x86)\Common Files\Oracle\Java\javapath;.;C:\WINDOWS\system32;C:\WINDOWS;C:\WINDOWS\System32\Wbem;C:\WINDOWS\System32\WindowsPowerShell\v1.0\;C:\Program Files (x86)\NVIDIA Corporation\PhysX\Common;F:\apache-maven-3.1.1\bin;C:\Program Files\MySQL\MySQL Server 5.5\bin;C:\WINDOWS;C:\WINDOWS\system32;C:\WINDOWS\System32\Wbem;C:\WINDOWS\System32\WindowsPowerShell\v1.0\;C:\windows\system32;C:\windows;C:\windows\System32\Wbem;C:\Program Files (x86)\kedacom\科达监控中心\AvatarClient\app;C:\Program Files (x86)\kedacom\科达监控中心\thirdsdk\g100_tiandy;C:\Program Files (x86)\kedacom\科达监控中心\thirdsdk\g100_jingyang;C:\Program Files (x86)\kedacom\科达监控中心\thirdsdk\g100_haote5;C:\Program Files (x86)\kedacom\科达监控中心\thirdsdk\g100_langchi;C:\Program Files (x86)\kedacom\科达监控中心\thirdsdk\g100_nanzi;C:\Program Files (x86)\kedacom\科达监控中心\thirdsdk\g100_hanbang;C:\Program Files (x86)\kedacom\科达监控中心\thirdsdk\g100_guobiao;C:\Program Files (x86)\kedacom\科达监控中心\thirdsdk\g100_dahua;C:\Program Files\TortoiseSVN\bin;F:\python-3.5.4-embed-amd64;C:\Program Files\Java\jdk1.8.0_172\bin;C:\Program Files\Java\jdk1.7.0_25\bin;C:\Program Files (x86)\OpenVPN\bin;C:\WINDOWS\System32\OpenSSH\;C:\Users\Administrator\AppData\Local\Microsoft\WindowsApps;;.]
2019-01-25 17:44:43.238 [main] INFO  o.a.c.c.C.[Tomcat].[localhost].[/]@173-Initializing Spring embedded WebApplicationContext
2019-01-25 17:44:43.239 [main] INFO  o.s.web.context.ContextLoader@296-Root WebApplicationContext: initialization completed in 3205 ms
2019-01-25 17:44:43.647 [main] INFO  o.a.q.c.s.DynamicSaslRegistrar@118-Additional SASL providers successfully registered.
2019-01-25 17:44:43.650 [main] INFO  o.a.q.c.s.CallbackHandlerRegistry@118-Callback handlers available for SASL mechanisms: [EXTERNAL, GSSAPI, SCRAM-SHA-256, SCRAM-SHA-1, CRAM-MD5-HASHED, CRAM-MD5, PLAIN, AMQPLAIN, ANONYMOUS]
2019-01-25 17:44:43.991 [main] INFO  org.apache.qpid.client.AMQConnection@1810-Connection 1 now connected from /10.10.2.10:51357 to /10.10.9.206:5672
2019-01-25 17:44:44.449 [main] INFO  c.g.gm.messagechannel.GxxChannelImpl@72-QPIDChannel open success!com.goldmsg.gmvcs.common.qpid.wrapper.QPIDChannel@6b357eb6
2019-01-25 17:44:44.964 [main] INFO  s.d.s.w.PropertySourcedRequestMappingHandlerMapping@69-Mapped URL path [/v2/api-docs] onto method [public org.springframework.http.ResponseEntity<springfox.documentation.spring.web.json.Json> springfox.documentation.swagger2.web.Swagger2Controller.getDocumentation(java.lang.String,javax.servlet.http.HttpServletRequest)]
2019-01-25 17:44:45.182 [main] INFO  o.s.s.c.ThreadPoolTaskExecutor@171-Initializing ExecutorService 'applicationTaskExecutor'
2019-01-25 17:44:45.443 [main] INFO  s.d.s.w.p.DocumentationPluginsBootstrapper@147-Context refreshed
2019-01-25 17:44:45.474 [main] INFO  s.d.s.w.p.DocumentationPluginsBootstrapper@150-Found 1 custom documentation plugin(s)
2019-01-25 17:44:45.540 [main] INFO  s.d.s.w.s.ApiListingReferenceScanner@41-Scanning for api listing references
2019-01-25 17:44:45.858 [main] INFO  o.a.coyote.http11.Http11NioProtocol@173-Starting ProtocolHandler ["http-nio-8881"]
2019-01-25 17:44:45.925 [main] INFO  o.s.b.w.e.tomcat.TomcatWebServer@204-Tomcat started on port(s): 8881 (http) with context path ''
2019-01-25 17:44:45.934 [main] INFO  com.yyc.testqpid.TestqpidApplication@59-Started TestqpidApplication in 7.565 seconds (JVM running for 10.08)
2019-01-25 17:46:04.108 [http-nio-8881-exec-1] INFO  o.a.c.c.C.[Tomcat].[localhost].[/]@173-Initializing Spring DispatcherServlet 'dispatcherServlet'
2019-01-25 17:46:04.109 [http-nio-8881-exec-1] INFO  o.s.web.servlet.DispatcherServlet@524-Initializing Servlet 'dispatcherServlet'
2019-01-25 17:46:04.129 [http-nio-8881-exec-1] INFO  o.s.web.servlet.DispatcherServlet@546-Completed initialization in 18 ms
2019-01-25 17:46:36.126 [http-nio-8881-exec-6] INFO  com.yyc.testqpid.impl.QpidImpl@28-主题[subject.qpid.demo.receive]发送了消息[{\"name\":\"nihao\"}]
2019-01-25 17:46:40.549 [Dispatcher-1-Conn-1] ERROR c.g.gm.messagechannel.GxxChannelImpl@261-
com.alibaba.fastjson.JSONException: illegal identifier : \
	at com.alibaba.fastjson.parser.JSONLexerBase.scanSymbolUnQuoted(JSONLexerBase.java:818)
	at com.alibaba.fastjson.parser.DefaultJSONParser.parseObject(DefaultJSONParser.java:261)
	at com.alibaba.fastjson.parser.DefaultJSONParser.parse(DefaultJSONParser.java:1184)
	at com.alibaba.fastjson.parser.DefaultJSONParser.parse(DefaultJSONParser.java:1153)
	at com.alibaba.fastjson.JSON.parse(JSON.java:102)
	at com.alibaba.fastjson.JSON.parse(JSON.java:93)
	at com.alibaba.fastjson.JSON.parseObject(JSON.java:164)
	at com.yyc.testqpid.BaseHandler.onMessage(BaseHandler.java:46)
	at com.gosuncn.gm.messagechannel.GxxChannelImpl.onMessage(GxxChannelImpl.java:223)
	at org.apache.qpid.client.BasicMessageConsumer.notifyMessage(BasicMessageConsumer.java:754)
	at org.apache.qpid.client.BasicMessageConsumer_0_10.notifyMessage(BasicMessageConsumer_0_10.java:143)
	at org.apache.qpid.client.BasicMessageConsumer.notifyMessage(BasicMessageConsumer.java:728)
	at org.apache.qpid.client.BasicMessageConsumer_0_10.notifyMessage(BasicMessageConsumer_0_10.java:189)
	at org.apache.qpid.client.BasicMessageConsumer_0_10.notifyMessage(BasicMessageConsumer_0_10.java:55)
	at org.apache.qpid.client.AMQSession$Dispatcher.notifyConsumer(AMQSession.java:3633)
	at org.apache.qpid.client.AMQSession$Dispatcher.dispatchMessage(AMQSession.java:3565)
	at org.apache.qpid.client.AMQSession$Dispatcher.access$1000(AMQSession.java:3326)
	at org.apache.qpid.client.AMQSession.dispatch(AMQSession.java:3319)
	at org.apache.qpid.client.message.UnprocessedMessage.dispatch(UnprocessedMessage.java:54)
	at org.apache.qpid.client.AMQSession$Dispatcher.run(AMQSession.java:3475)
	at java.lang.Thread.run(Thread.java:748)
2019-01-25 17:48:21.848 [main] INFO  com.yyc.testqpid.TestqpidApplication@50-Starting TestqpidApplication on yyc with PID 15884 (F:\IdeaProjects\qpiddemo\target\classes started by Administrator in F:\IdeaProjects\qpiddemo)
2019-01-25 17:48:21.856 [main] INFO  com.yyc.testqpid.TestqpidApplication@675-No active profile set, falling back to default profiles: default
2019-01-25 17:48:24.526 [main] INFO  o.s.b.w.e.tomcat.TomcatWebServer@90-Tomcat initialized with port(s): 8881 (http)
2019-01-25 17:48:24.550 [main] INFO  o.a.coyote.http11.Http11NioProtocol@173-Initializing ProtocolHandler ["http-nio-8881"]
2019-01-25 17:48:24.566 [main] INFO  o.a.catalina.core.StandardService@173-Starting service [Tomcat]
2019-01-25 17:48:24.566 [main] INFO  o.a.catalina.core.StandardEngine@173-Starting Servlet engine: [Apache Tomcat/9.0.14]
2019-01-25 17:48:24.575 [main] INFO  o.a.c.core.AprLifecycleListener@173-The APR based Apache Tomcat Native library which allows optimal performance in production environments was not found on the java.library.path: [C:\Program Files\Java\jdk1.8.0_172\bin;C:\WINDOWS\Sun\Java\bin;C:\WINDOWS\system32;C:\WINDOWS;C:\Program Files (x86)\Common Files\NetSarang;C:\Program Files (x86)\Common Files\Oracle\Java\javapath;.;C:\WINDOWS\system32;C:\WINDOWS;C:\WINDOWS\System32\Wbem;C:\WINDOWS\System32\WindowsPowerShell\v1.0\;C:\Program Files (x86)\NVIDIA Corporation\PhysX\Common;F:\apache-maven-3.1.1\bin;C:\Program Files\MySQL\MySQL Server 5.5\bin;C:\WINDOWS;C:\WINDOWS\system32;C:\WINDOWS\System32\Wbem;C:\WINDOWS\System32\WindowsPowerShell\v1.0\;C:\windows\system32;C:\windows;C:\windows\System32\Wbem;C:\Program Files (x86)\kedacom\科达监控中心\AvatarClient\app;C:\Program Files (x86)\kedacom\科达监控中心\thirdsdk\g100_tiandy;C:\Program Files (x86)\kedacom\科达监控中心\thirdsdk\g100_jingyang;C:\Program Files (x86)\kedacom\科达监控中心\thirdsdk\g100_haote5;C:\Program Files (x86)\kedacom\科达监控中心\thirdsdk\g100_langchi;C:\Program Files (x86)\kedacom\科达监控中心\thirdsdk\g100_nanzi;C:\Program Files (x86)\kedacom\科达监控中心\thirdsdk\g100_hanbang;C:\Program Files (x86)\kedacom\科达监控中心\thirdsdk\g100_guobiao;C:\Program Files (x86)\kedacom\科达监控中心\thirdsdk\g100_dahua;C:\Program Files\TortoiseSVN\bin;F:\python-3.5.4-embed-amd64;C:\Program Files\Java\jdk1.8.0_172\bin;C:\Program Files\Java\jdk1.7.0_25\bin;C:\Program Files (x86)\OpenVPN\bin;C:\WINDOWS\System32\OpenSSH\;C:\Users\Administrator\AppData\Local\Microsoft\WindowsApps;;.]
2019-01-25 17:48:24.748 [main] INFO  o.a.c.c.C.[Tomcat].[localhost].[/]@173-Initializing Spring embedded WebApplicationContext
2019-01-25 17:48:24.749 [main] INFO  o.s.web.context.ContextLoader@296-Root WebApplicationContext: initialization completed in 2770 ms
2019-01-25 17:48:24.996 [main] INFO  o.a.q.c.s.DynamicSaslRegistrar@118-Additional SASL providers successfully registered.
2019-01-25 17:48:25.000 [main] INFO  o.a.q.c.s.CallbackHandlerRegistry@118-Callback handlers available for SASL mechanisms: [EXTERNAL, GSSAPI, SCRAM-SHA-256, SCRAM-SHA-1, CRAM-MD5-HASHED, CRAM-MD5, PLAIN, AMQPLAIN, ANONYMOUS]
2019-01-25 17:48:25.198 [main] INFO  org.apache.qpid.client.AMQConnection@1810-Connection 1 now connected from /10.10.2.10:51768 to /10.10.9.206:5672
2019-01-25 17:48:25.748 [main] INFO  c.g.gm.messagechannel.GxxChannelImpl@72-QPIDChannel open success!com.goldmsg.gmvcs.common.qpid.wrapper.QPIDChannel@f4cfd90
2019-01-25 17:48:26.160 [main] INFO  s.d.s.w.PropertySourcedRequestMappingHandlerMapping@69-Mapped URL path [/v2/api-docs] onto method [public org.springframework.http.ResponseEntity<springfox.documentation.spring.web.json.Json> springfox.documentation.swagger2.web.Swagger2Controller.getDocumentation(java.lang.String,javax.servlet.http.HttpServletRequest)]
2019-01-25 17:48:26.327 [main] INFO  o.s.s.c.ThreadPoolTaskExecutor@171-Initializing ExecutorService 'applicationTaskExecutor'
2019-01-25 17:48:26.526 [main] INFO  s.d.s.w.p.DocumentationPluginsBootstrapper@147-Context refreshed
2019-01-25 17:48:26.549 [main] INFO  s.d.s.w.p.DocumentationPluginsBootstrapper@150-Found 1 custom documentation plugin(s)
2019-01-25 17:48:26.595 [main] INFO  s.d.s.w.s.ApiListingReferenceScanner@41-Scanning for api listing references
2019-01-25 17:48:26.838 [main] INFO  o.a.coyote.http11.Http11NioProtocol@173-Starting ProtocolHandler ["http-nio-8881"]
2019-01-25 17:48:26.880 [main] INFO  o.s.b.w.e.tomcat.TomcatWebServer@204-Tomcat started on port(s): 8881 (http) with context path ''
2019-01-25 17:48:26.885 [main] INFO  com.yyc.testqpid.TestqpidApplication@59-Started TestqpidApplication in 6.05 seconds (JVM running for 8.087)
2019-01-25 17:48:34.860 [http-nio-8881-exec-1] INFO  o.a.c.c.C.[Tomcat].[localhost].[/]@173-Initializing Spring DispatcherServlet 'dispatcherServlet'
2019-01-25 17:48:34.864 [http-nio-8881-exec-1] INFO  o.s.web.servlet.DispatcherServlet@524-Initializing Servlet 'dispatcherServlet'
2019-01-25 17:48:34.908 [http-nio-8881-exec-1] INFO  o.s.web.servlet.DispatcherServlet@546-Completed initialization in 41 ms
2019-01-25 17:49:11.509 [http-nio-8881-exec-7] INFO  com.yyc.testqpid.impl.QpidImpl@28-主题[subject.qpid.demo.receive]发送了消息[{"name":"yyc"}]
2019-01-25 17:49:11.599 [Dispatcher-1-Conn-1] INFO  c.y.testqpid.handler.TestReqHandler@32-主题[subject.qpid.demo.receive]收到消息[{"name":"yyc"}]
2019-01-25 17:55:16.327 [main] INFO  com.yyc.testqpid.TestqpidApplication@50-Starting TestqpidApplication on yyc with PID 22384 (F:\IdeaProjects\qpiddemo\target\classes started by Administrator in F:\IdeaProjects\qpiddemo)
2019-01-25 17:55:16.339 [main] INFO  com.yyc.testqpid.TestqpidApplication@675-No active profile set, falling back to default profiles: default
2019-01-25 17:55:19.984 [main] INFO  o.s.b.w.e.tomcat.TomcatWebServer@90-Tomcat initialized with port(s): 8881 (http)
2019-01-25 17:55:20.006 [main] INFO  o.a.coyote.http11.Http11NioProtocol@173-Initializing ProtocolHandler ["http-nio-8881"]
2019-01-25 17:55:20.023 [main] INFO  o.a.catalina.core.StandardService@173-Starting service [Tomcat]
2019-01-25 17:55:20.024 [main] INFO  o.a.catalina.core.StandardEngine@173-Starting Servlet engine: [Apache Tomcat/9.0.14]
2019-01-25 17:55:20.034 [main] INFO  o.a.c.core.AprLifecycleListener@173-The APR based Apache Tomcat Native library which allows optimal performance in production environments was not found on the java.library.path: [C:\Program Files\Java\jdk1.8.0_172\bin;C:\WINDOWS\Sun\Java\bin;C:\WINDOWS\system32;C:\WINDOWS;C:\Program Files (x86)\Common Files\NetSarang;C:\Program Files (x86)\Common Files\Oracle\Java\javapath;.;C:\WINDOWS\system32;C:\WINDOWS;C:\WINDOWS\System32\Wbem;C:\WINDOWS\System32\WindowsPowerShell\v1.0\;C:\Program Files (x86)\NVIDIA Corporation\PhysX\Common;F:\apache-maven-3.1.1\bin;C:\Program Files\MySQL\MySQL Server 5.5\bin;C:\WINDOWS;C:\WINDOWS\system32;C:\WINDOWS\System32\Wbem;C:\WINDOWS\System32\WindowsPowerShell\v1.0\;C:\windows\system32;C:\windows;C:\windows\System32\Wbem;C:\Program Files (x86)\kedacom\科达监控中心\AvatarClient\app;C:\Program Files (x86)\kedacom\科达监控中心\thirdsdk\g100_tiandy;C:\Program Files (x86)\kedacom\科达监控中心\thirdsdk\g100_jingyang;C:\Program Files (x86)\kedacom\科达监控中心\thirdsdk\g100_haote5;C:\Program Files (x86)\kedacom\科达监控中心\thirdsdk\g100_langchi;C:\Program Files (x86)\kedacom\科达监控中心\thirdsdk\g100_nanzi;C:\Program Files (x86)\kedacom\科达监控中心\thirdsdk\g100_hanbang;C:\Program Files (x86)\kedacom\科达监控中心\thirdsdk\g100_guobiao;C:\Program Files (x86)\kedacom\科达监控中心\thirdsdk\g100_dahua;C:\Program Files\TortoiseSVN\bin;F:\python-3.5.4-embed-amd64;C:\Program Files\Java\jdk1.8.0_172\bin;C:\Program Files\Java\jdk1.7.0_25\bin;C:\Program Files (x86)\OpenVPN\bin;C:\WINDOWS\System32\OpenSSH\;C:\Users\Administrator\AppData\Local\Microsoft\WindowsApps;;.]
2019-01-25 17:55:20.225 [main] INFO  o.a.c.c.C.[Tomcat].[localhost].[/]@173-Initializing Spring embedded WebApplicationContext
2019-01-25 17:55:20.226 [main] INFO  o.s.web.context.ContextLoader@296-Root WebApplicationContext: initialization completed in 3724 ms
2019-01-25 17:55:20.655 [main] INFO  o.a.q.c.s.DynamicSaslRegistrar@118-Additional SASL providers successfully registered.
2019-01-25 17:55:20.662 [main] INFO  o.a.q.c.s.CallbackHandlerRegistry@118-Callback handlers available for SASL mechanisms: [EXTERNAL, GSSAPI, SCRAM-SHA-256, SCRAM-SHA-1, CRAM-MD5-HASHED, CRAM-MD5, PLAIN, AMQPLAIN, ANONYMOUS]
2019-01-25 17:55:21.041 [main] INFO  org.apache.qpid.client.AMQConnection@1810-Connection 1 now connected from /10.10.2.10:52514 to /10.10.9.206:5672
2019-01-25 17:55:21.939 [main] INFO  c.g.gm.messagechannel.GxxChannelImpl@72-QPIDChannel open success!com.goldmsg.gmvcs.common.qpid.wrapper.QPIDChannel@78307a56
2019-01-25 17:55:22.847 [main] INFO  s.d.s.w.PropertySourcedRequestMappingHandlerMapping@69-Mapped URL path [/v2/api-docs] onto method [public org.springframework.http.ResponseEntity<springfox.documentation.spring.web.json.Json> springfox.documentation.swagger2.web.Swagger2Controller.getDocumentation(java.lang.String,javax.servlet.http.HttpServletRequest)]
2019-01-25 17:55:22.874 [main] INFO  o.s.b.f.a.AutowiredAnnotationBeanPostProcessor@447-Autowired annotation is not supported on static fields: private static java.util.Map com.yyc.testqpid.BaseHandler.dispatcherMap
2019-01-25 17:55:22.875 [main] INFO  o.s.b.f.a.AutowiredAnnotationBeanPostProcessor@447-Autowired annotation is not supported on static fields: private static java.util.Map com.yyc.testqpid.BaseHandler.dispatcherMap
2019-01-25 17:55:22.882 [main] INFO  o.s.b.f.a.AutowiredAnnotationBeanPostProcessor@447-Autowired annotation is not supported on static fields: private static java.util.Map com.yyc.testqpid.BaseHandler.dispatcherMap
2019-01-25 17:55:23.085 [main] INFO  o.s.s.c.ThreadPoolTaskExecutor@171-Initializing ExecutorService 'applicationTaskExecutor'
2019-01-25 17:55:23.342 [main] INFO  s.d.s.w.p.DocumentationPluginsBootstrapper@147-Context refreshed
2019-01-25 17:55:23.447 [main] INFO  s.d.s.w.p.DocumentationPluginsBootstrapper@150-Found 1 custom documentation plugin(s)
2019-01-25 17:55:23.699 [main] INFO  s.d.s.w.s.ApiListingReferenceScanner@41-Scanning for api listing references
2019-01-25 17:55:23.971 [main] INFO  o.a.coyote.http11.Http11NioProtocol@173-Starting ProtocolHandler ["http-nio-8881"]
2019-01-25 17:55:24.025 [main] INFO  o.s.b.w.e.tomcat.TomcatWebServer@204-Tomcat started on port(s): 8881 (http) with context path ''
2019-01-25 17:55:24.033 [main] INFO  com.yyc.testqpid.TestqpidApplication@59-Started TestqpidApplication in 9.086 seconds (JVM running for 11.519)
2019-01-25 17:55:24.783 [http-nio-8881-exec-2] INFO  o.a.c.c.C.[Tomcat].[localhost].[/]@173-Initializing Spring DispatcherServlet 'dispatcherServlet'
2019-01-25 17:55:24.785 [http-nio-8881-exec-2] INFO  o.s.web.servlet.DispatcherServlet@524-Initializing Servlet 'dispatcherServlet'
2019-01-25 17:55:24.808 [http-nio-8881-exec-2] INFO  o.s.web.servlet.DispatcherServlet@546-Completed initialization in 23 ms
2019-01-25 17:55:57.809 [http-nio-8881-exec-7] INFO  com.yyc.testqpid.impl.QpidImpl@28-主题[response]发送了消息[{"name":"yyc"}]
2019-01-25 17:58:36.962 [main] INFO  com.yyc.testqpid.TestqpidApplication@50-Starting TestqpidApplication on yyc with PID 21988 (F:\IdeaProjects\qpiddemo\target\classes started by Administrator in F:\IdeaProjects\qpiddemo)
2019-01-25 17:58:37.017 [main] INFO  com.yyc.testqpid.TestqpidApplication@675-No active profile set, falling back to default profiles: default
2019-01-25 17:58:40.785 [main] INFO  o.s.b.w.e.tomcat.TomcatWebServer@90-Tomcat initialized with port(s): 8881 (http)
2019-01-25 17:58:40.817 [main] INFO  o.a.coyote.http11.Http11NioProtocol@173-Initializing ProtocolHandler ["http-nio-8881"]
2019-01-25 17:58:40.846 [main] INFO  o.a.catalina.core.StandardService@173-Starting service [Tomcat]
2019-01-25 17:58:40.848 [main] INFO  o.a.catalina.core.StandardEngine@173-Starting Servlet engine: [Apache Tomcat/9.0.14]
2019-01-25 17:58:40.860 [main] INFO  o.a.c.core.AprLifecycleListener@173-The APR based Apache Tomcat Native library which allows optimal performance in production environments was not found on the java.library.path: [C:\Program Files\Java\jdk1.8.0_172\bin;C:\WINDOWS\Sun\Java\bin;C:\WINDOWS\system32;C:\WINDOWS;C:\Program Files (x86)\Common Files\NetSarang;C:\Program Files (x86)\Common Files\Oracle\Java\javapath;.;C:\WINDOWS\system32;C:\WINDOWS;C:\WINDOWS\System32\Wbem;C:\WINDOWS\System32\WindowsPowerShell\v1.0\;C:\Program Files (x86)\NVIDIA Corporation\PhysX\Common;F:\apache-maven-3.1.1\bin;C:\Program Files\MySQL\MySQL Server 5.5\bin;C:\WINDOWS;C:\WINDOWS\system32;C:\WINDOWS\System32\Wbem;C:\WINDOWS\System32\WindowsPowerShell\v1.0\;C:\windows\system32;C:\windows;C:\windows\System32\Wbem;C:\Program Files (x86)\kedacom\科达监控中心\AvatarClient\app;C:\Program Files (x86)\kedacom\科达监控中心\thirdsdk\g100_tiandy;C:\Program Files (x86)\kedacom\科达监控中心\thirdsdk\g100_jingyang;C:\Program Files (x86)\kedacom\科达监控中心\thirdsdk\g100_haote5;C:\Program Files (x86)\kedacom\科达监控中心\thirdsdk\g100_langchi;C:\Program Files (x86)\kedacom\科达监控中心\thirdsdk\g100_nanzi;C:\Program Files (x86)\kedacom\科达监控中心\thirdsdk\g100_hanbang;C:\Program Files (x86)\kedacom\科达监控中心\thirdsdk\g100_guobiao;C:\Program Files (x86)\kedacom\科达监控中心\thirdsdk\g100_dahua;C:\Program Files\TortoiseSVN\bin;F:\python-3.5.4-embed-amd64;C:\Program Files\Java\jdk1.8.0_172\bin;C:\Program Files\Java\jdk1.7.0_25\bin;C:\Program Files (x86)\OpenVPN\bin;C:\WINDOWS\System32\OpenSSH\;C:\Users\Administrator\AppData\Local\Microsoft\WindowsApps;;.]
2019-01-25 17:58:41.110 [main] INFO  o.a.c.c.C.[Tomcat].[localhost].[/]@173-Initializing Spring embedded WebApplicationContext
2019-01-25 17:58:41.112 [main] INFO  o.s.web.context.ContextLoader@296-Root WebApplicationContext: initialization completed in 3776 ms
2019-01-25 17:58:41.624 [main] INFO  o.a.q.c.s.DynamicSaslRegistrar@118-Additional SASL providers successfully registered.
2019-01-25 17:58:41.627 [main] INFO  o.a.q.c.s.CallbackHandlerRegistry@118-Callback handlers available for SASL mechanisms: [EXTERNAL, GSSAPI, SCRAM-SHA-256, SCRAM-SHA-1, CRAM-MD5-HASHED, CRAM-MD5, PLAIN, AMQPLAIN, ANONYMOUS]
2019-01-25 17:58:42.013 [main] INFO  org.apache.qpid.client.AMQConnection@1810-Connection 1 now connected from /10.10.2.10:52908 to /10.10.9.206:5672
2019-01-25 17:58:42.520 [main] INFO  c.g.gm.messagechannel.GxxChannelImpl@72-QPIDChannel open success!com.goldmsg.gmvcs.common.qpid.wrapper.QPIDChannel@49ca94a9
2019-01-25 17:58:43.124 [main] INFO  s.d.s.w.PropertySourcedRequestMappingHandlerMapping@69-Mapped URL path [/v2/api-docs] onto method [public org.springframework.http.ResponseEntity<springfox.documentation.spring.web.json.Json> springfox.documentation.swagger2.web.Swagger2Controller.getDocumentation(java.lang.String,javax.servlet.http.HttpServletRequest)]
2019-01-25 17:58:43.164 [main] INFO  o.s.b.f.a.AutowiredAnnotationBeanPostProcessor@447-Autowired annotation is not supported on static fields: private static java.util.Map com.yyc.testqpid.BaseHandler.dispatcherMap
2019-01-25 17:58:43.166 [main] INFO  o.s.b.f.a.AutowiredAnnotationBeanPostProcessor@447-Autowired annotation is not supported on static fields: private static java.util.Map com.yyc.testqpid.BaseHandler.dispatcherMap
2019-01-25 17:58:43.176 [main] INFO  o.s.b.f.a.AutowiredAnnotationBeanPostProcessor@447-Autowired annotation is not supported on static fields: private static java.util.Map com.yyc.testqpid.BaseHandler.dispatcherMap
2019-01-25 17:58:43.417 [main] INFO  o.s.s.c.ThreadPoolTaskExecutor@171-Initializing ExecutorService 'applicationTaskExecutor'
2019-01-25 17:58:43.743 [main] INFO  s.d.s.w.p.DocumentationPluginsBootstrapper@147-Context refreshed
2019-01-25 17:58:43.785 [main] INFO  s.d.s.w.p.DocumentationPluginsBootstrapper@150-Found 1 custom documentation plugin(s)
2019-01-25 17:58:43.880 [main] INFO  s.d.s.w.s.ApiListingReferenceScanner@41-Scanning for api listing references
2019-01-25 17:58:44.186 [main] INFO  o.a.coyote.http11.Http11NioProtocol@173-Starting ProtocolHandler ["http-nio-8881"]
2019-01-25 17:58:44.294 [main] INFO  o.s.b.w.e.tomcat.TomcatWebServer@204-Tomcat started on port(s): 8881 (http) with context path ''
2019-01-25 17:58:44.305 [main] INFO  com.yyc.testqpid.TestqpidApplication@59-Started TestqpidApplication in 10.062 seconds (JVM running for 12.903)
2019-01-25 17:59:00.626 [http-nio-8881-exec-1] INFO  o.a.c.c.C.[Tomcat].[localhost].[/]@173-Initializing Spring DispatcherServlet 'dispatcherServlet'
2019-01-25 17:59:00.627 [http-nio-8881-exec-1] INFO  o.s.web.servlet.DispatcherServlet@524-Initializing Servlet 'dispatcherServlet'
2019-01-25 17:59:00.640 [http-nio-8881-exec-1] INFO  o.s.web.servlet.DispatcherServlet@546-Completed initialization in 12 ms
2019-01-25 17:59:00.733 [http-nio-8881-exec-1] INFO  com.yyc.testqpid.impl.QpidImpl@28-主题[request]发送了消息[{"name":"yyc"}]
2019-01-25 18:05:06.961 [main] INFO  c.y.t.TestqpidApplicationTests@50-Starting TestqpidApplicationTests on yyc with PID 18084 (started by Administrator in F:\IdeaProjects\qpiddemo)
2019-01-25 18:05:06.969 [main] INFO  c.y.t.TestqpidApplicationTests@675-No active profile set, falling back to default profiles: default
2019-01-25 18:05:11.465 [main] INFO  o.a.q.c.s.DynamicSaslRegistrar@118-Additional SASL providers successfully registered.
2019-01-25 18:05:11.469 [main] INFO  o.a.q.c.s.CallbackHandlerRegistry@118-Callback handlers available for SASL mechanisms: [EXTERNAL, GSSAPI, SCRAM-SHA-256, SCRAM-SHA-1, CRAM-MD5-HASHED, CRAM-MD5, PLAIN, AMQPLAIN, ANONYMOUS]
2019-01-25 18:05:11.767 [main] INFO  org.apache.qpid.client.AMQConnection@1810-Connection 1 now connected from /10.10.2.10:53648 to /10.10.9.206:5672
2019-01-25 18:05:12.240 [main] INFO  c.g.gm.messagechannel.GxxChannelImpl@72-QPIDChannel open success!com.goldmsg.gmvcs.common.qpid.wrapper.QPIDChannel@e9dc4d0
2019-01-25 18:05:13.714 [main] INFO  s.d.s.w.PropertySourcedRequestMappingHandlerMapping@69-Mapped URL path [/v2/api-docs] onto method [public org.springframework.http.ResponseEntity<springfox.documentation.spring.web.json.Json> springfox.documentation.swagger2.web.Swagger2Controller.getDocumentation(java.lang.String,javax.servlet.http.HttpServletRequest)]
2019-01-25 18:05:13.761 [main] INFO  o.s.b.f.a.AutowiredAnnotationBeanPostProcessor@447-Autowired annotation is not supported on static fields: private static java.util.Map com.yyc.testqpid.BaseHandler.dispatcherMap
2019-01-25 18:05:13.771 [main] INFO  o.s.b.f.a.AutowiredAnnotationBeanPostProcessor@447-Autowired annotation is not supported on static fields: private static java.util.Map com.yyc.testqpid.BaseHandler.dispatcherMap
2019-01-25 18:05:13.778 [main] INFO  o.s.b.f.a.AutowiredAnnotationBeanPostProcessor@447-Autowired annotation is not supported on static fields: private static java.util.Map com.yyc.testqpid.BaseHandler.dispatcherMap
2019-01-25 18:05:15.005 [main] INFO  o.s.s.c.ThreadPoolTaskExecutor@171-Initializing ExecutorService 'applicationTaskExecutor'
2019-01-25 18:05:15.487 [main] INFO  s.d.s.w.p.DocumentationPluginsBootstrapper@147-Context refreshed
2019-01-25 18:05:15.542 [main] INFO  s.d.s.w.p.DocumentationPluginsBootstrapper@150-Found 1 custom documentation plugin(s)
2019-01-25 18:05:15.614 [main] INFO  s.d.s.w.s.ApiListingReferenceScanner@41-Scanning for api listing references
2019-01-25 18:05:16.134 [main] INFO  c.y.t.TestqpidApplicationTests@59-Started TestqpidApplicationTests in 9.968 seconds (JVM running for 12.425)
2019-01-25 18:05:17.484 [Thread-6] INFO  o.s.s.c.ThreadPoolTaskExecutor@208-Shutting down ExecutorService 'applicationTaskExecutor'
2019-01-25 18:11:16.632 [main] INFO  c.y.t.TestqpidApplicationTests@50-Starting TestqpidApplicationTests on yyc with PID 15276 (started by Administrator in F:\IdeaProjects\qpiddemo)
2019-01-25 18:11:16.644 [main] INFO  c.y.t.TestqpidApplicationTests@675-No active profile set, falling back to default profiles: default
2019-01-25 18:11:21.357 [main] INFO  o.a.q.c.s.DynamicSaslRegistrar@118-Additional SASL providers successfully registered.
2019-01-25 18:11:21.364 [main] INFO  o.a.q.c.s.CallbackHandlerRegistry@118-Callback handlers available for SASL mechanisms: [EXTERNAL, GSSAPI, SCRAM-SHA-256, SCRAM-SHA-1, CRAM-MD5-HASHED, CRAM-MD5, PLAIN, AMQPLAIN, ANONYMOUS]
2019-01-25 18:11:21.713 [main] INFO  org.apache.qpid.client.AMQConnection@1810-Connection 1 now connected from /10.10.2.10:54479 to /10.10.9.206:5672
2019-01-25 18:11:22.192 [main] INFO  c.g.gm.messagechannel.GxxChannelImpl@72-QPIDChannel open success!com.goldmsg.gmvcs.common.qpid.wrapper.QPIDChannel@5d5160e6
2019-01-25 18:11:23.472 [main] INFO  s.d.s.w.PropertySourcedRequestMappingHandlerMapping@69-Mapped URL path [/v2/api-docs] onto method [public org.springframework.http.ResponseEntity<springfox.documentation.spring.web.json.Json> springfox.documentation.swagger2.web.Swagger2Controller.getDocumentation(java.lang.String,javax.servlet.http.HttpServletRequest)]
2019-01-25 18:11:23.504 [main] INFO  o.s.b.f.a.AutowiredAnnotationBeanPostProcessor@447-Autowired annotation is not supported on static fields: private static java.util.Map com.yyc.testqpid.BaseHandler.dispatcherMap
2019-01-25 18:11:23.510 [main] INFO  o.s.b.f.a.AutowiredAnnotationBeanPostProcessor@447-Autowired annotation is not supported on static fields: private static java.util.Map com.yyc.testqpid.BaseHandler.dispatcherMap
2019-01-25 18:11:23.514 [main] INFO  o.s.b.f.a.AutowiredAnnotationBeanPostProcessor@447-Autowired annotation is not supported on static fields: private static java.util.Map com.yyc.testqpid.BaseHandler.dispatcherMap
2019-01-25 18:11:24.439 [main] INFO  o.s.s.c.ThreadPoolTaskExecutor@171-Initializing ExecutorService 'applicationTaskExecutor'
2019-01-25 18:11:25.318 [main] INFO  s.d.s.w.p.DocumentationPluginsBootstrapper@147-Context refreshed
2019-01-25 18:11:25.389 [main] INFO  s.d.s.w.p.DocumentationPluginsBootstrapper@150-Found 1 custom documentation plugin(s)
2019-01-25 18:11:25.466 [main] INFO  s.d.s.w.s.ApiListingReferenceScanner@41-Scanning for api listing references
2019-01-25 18:11:25.786 [main] INFO  c.y.t.TestqpidApplicationTests@59-Started TestqpidApplicationTests in 9.86 seconds (JVM running for 12.369)
2019-01-25 18:11:27.135 [Thread-6] INFO  o.s.s.c.ThreadPoolTaskExecutor@208-Shutting down ExecutorService 'applicationTaskExecutor'
